EXPLAIN
"-> Limit: 15 row(s)  (actual time=124.943..124.947 rows=15 loops=1)
    -> Filter: (count(s.StudentID) > 1)  (actual time=124.943..124.946 rows=15 loops=1)
        -> Table scan on <temporary>  (actual time=0.001..0.002 rows=15 loops=1)
            -> Aggregate using temporary table  (actual time=124.940..124.942 rows=15 loops=1)
                -> Inner hash join (no condition)  (cost=28397.82 rows=283500) (actual time=0.614..19.304 rows=283500 loops=1)
                    -> Index scan on s using student_asc  (cost=0.14 rows=630) (actual time=0.013..0.371 rows=630 loops=1)
                    -> Hash
                        -> Index scan on r using restriction_desc  (cost=45.75 rows=450) (actual time=0.022..0.084 rows=450 loops=1)
"
