EXPLAIN
"-> Limit: 15 row(s)  (actual time=128.581..128.585 rows=15 loops=1)
    -> Filter: (count(s.StudentID) > 1)  (actual time=128.580..128.583 rows=15 loops=1)
        -> Table scan on <temporary>  (actual time=0.001..0.001 rows=15 loops=1)
            -> Aggregate using temporary table  (actual time=128.577..128.579 rows=15 loops=1)
                -> Inner hash join (no condition)  (cost=28397.82 rows=283500) (actual time=0.451..18.996 rows=283500 loops=1)
                    -> Index scan on s using student_asc  (cost=0.14 rows=630) (actual time=0.010..0.559 rows=630 loops=1)
                    -> Hash
                        -> Index scan on r using restriction_desc  (cost=45.75 rows=450) (actual time=0.025..0.079 rows=450 loops=1)
"
