EXPLAIN
"-> Limit: 15 row(s)  (actual time=139.442..139.446 rows=15 loops=1)
    -> Filter: (count(s.StudentID) > 1)  (actual time=139.441..139.444 rows=15 loops=1)
        -> Table scan on <temporary>  (actual time=0.001..0.002 rows=15 loops=1)
            -> Aggregate using temporary table  (actual time=139.439..139.440 rows=15 loops=1)
                -> Inner hash join (no condition)  (cost=28397.82 rows=283500) (actual time=3.397..23.146 rows=283500 loops=1)
                    -> Index scan on s using student_asc  (cost=0.14 rows=630) (actual time=1.151..2.601 rows=630 loops=1)
                    -> Hash
                        -> Index scan on r using restriction_desc  (cost=45.75 rows=450) (actual time=1.247..1.792 rows=450 loops=1)
"
